# JRE version: OpenJDK Runtime Environment Temurin-21.0.10+7 (21.0.10+7) (build 21.0.10+7-LTS)
# Java VM: OpenJDK 64-Bit Server VM Temurin-21.0.10+7 (21.0.10+7-LTS, mixed mode, sharing, tiered, compressed oops, compressed class ptrs, parallel gc, windows-amd64)
GC Precious Log:
 CardTable entry size: 512
 CPUs: 4 total, 4 available
 Memory: 16265M
 Large Page Support: Disabled
 NUMA Support: Disabled
 Compressed Oops: Enabled (32-bit)
 Alignments: Space 512K, Generation 512K, Heap 2M
 Heap Min Capacity: 100M
 Heap Initial Capacity: 100M
 Heap Max Capacity: 2G
 Pre-touch: Disabled
 Parallel Workers: 4
Heap:
 PSYoungGen      total 12800K, used 10661K [0x00000000d5580000, 0x00000000d6500000, 0x0000000100000000)
  eden space 11776K, 81% used [0x00000000d5580000,0x00000000d5ee95c0,0x00000000d6100000)
  from space 1024K, 100% used [0x00000000d6280000,0x00000000d6380000,0x00000000d6380000)
  to   space 1536K, 0% used [0x00000000d6380000,0x00000000d6380000,0x00000000d6500000)
 ParOldGen       total 85504K, used 85358K [0x0000000080000000, 0x0000000085380000, 0x00000000d5580000)
  object space 85504K, 99% used [0x0000000080000000,0x000000008535bac0,0x0000000085380000)
 Metaspace       used 62587K, committed 64000K, reserved 1114112K
  class space    used 6413K, committed 7040K, reserved 1048576K
GC Heap History (20 events):
Event: 42.817 GC heap before
{Heap before GC invocations=63 (full 3):
 PSYoungGen      total 14848K, used 14838K [0x00000000d5580000, 0x00000000d6800000, 0x0000000100000000)
  eden space 12800K, 100% used [0x00000000d5580000,0x00000000d6200000,0x00000000d6200000)
  from space 2048K, 99% used [0x00000000d6200000,0x00000000d63fdb88,0x00000000d6400000)
  to   space 3072K, 0% used [0x00000000d6500000,0x00000000d6500000,0x00000000d6800000)
 ParOldGen       total 77312K, used 69741K [0x0000000080000000, 0x0000000084b80000, 0x00000000d5580000)
  object space 77312K, 90% used [0x0000000080000000,0x000000008441b550,0x0000000084b80000)
 Metaspace       used 59963K, committed 61376K, reserved 1114112K
  class space    used 6261K, committed 6912K, reserved 1048576K
}
Event: 42.824 GC heap after
{Heap after GC invocations=63 (full 3):
 PSYoungGen      total 14848K, used 1971K [0x00000000d5580000, 0x00000000d6700000, 0x0000000100000000)
  eden space 12800K, 0% used [0x00000000d5580000,0x00000000d5580000,0x00000000d6200000)
  from space 2048K, 96% used [0x00000000d6500000,0x00000000d66eccc0,0x00000000d6700000)
  to   space 2560K, 0% used [0x00000000d6200000,0x00000000d6200000,0x00000000d6480000)
 ParOldGen       total 77312K, used 71645K [0x0000000080000000, 0x0000000084b80000, 0x00000000d5580000)
  object space 77312K, 92% used [0x0000000080000000,0x00000000845f7570,0x0000000084b80000)
 Metaspace       used 59963K, committed 61376K, reserved 1114112K
  class space    used 6261K, committed 6912K, reserved 1048576K
}
Event: 43.319 GC heap before
{Heap before GC invocations=64 (full 3):
 PSYoungGen      total 14848K, used 14771K [0x00000000d5580000, 0x00000000d6700000, 0x0000000100000000)
  eden space 12800K, 100% used [0x00000000d5580000,0x00000000d6200000,0x00000000d6200000)
  from space 2048K, 96% used [0x00000000d6500000,0x00000000d66eccc0,0x00000000d6700000)
  to   space 2560K, 0% used [0x00000000d6200000,0x00000000d6200000,0x00000000d6480000)
 ParOldGen       total 77312K, used 71645K [0x0000000080000000, 0x0000000084b80000, 0x00000000d5580000)
  object space 77312K, 92% used [0x0000000080000000,0x00000000845f7570,0x0000000084b80000)
 Metaspace       used 60290K, committed 61696K, reserved 1114112K
  class space    used 6263K, committed 6912K, reserved 1048576K
}
Event: 43.324 GC heap after
{Heap after GC invocations=64 (full 3):
 PSYoungGen      total 14848K, used 1696K [0x00000000d5580000, 0x00000000d6600000, 0x0000000100000000)
  eden space 12800K, 0% used [0x00000000d5580000,0x00000000d5580000,0x00000000d6200000)
  from space 2048K, 82% used [0x00000000d6200000,0x00000000d63a8020,0x00000000d6400000)
  to   space 2048K, 0% used [0x00000000d6400000,0x00000000d6400000,0x00000000d6600000)
 ParOldGen       total 77312K, used 73435K [0x0000000080000000, 0x0000000084b80000, 0x00000000d5580000)
  object space 77312K, 94% used [0x0000000080000000,0x00000000847b6c88,0x0000000084b80000)
 Metaspace       used 60290K, committed 61696K, reserved 1114112K
  class space    used 6263K, committed 6912K, reserved 1048576K
}
Event: 43.951 GC heap before
{Heap before GC invocations=65 (full 3):
 PSYoungGen      total 14848K, used 14496K [0x00000000d5580000, 0x00000000d6600000, 0x0000000100000000)
  eden space 12800K, 100% used [0x00000000d5580000,0x00000000d6200000,0x00000000d6200000)
  from space 2048K, 82% used [0x00000000d6200000,0x00000000d63a8020,0x00000000d6400000)
  to   space 2048K, 0% used [0x00000000d6400000,0x00000000d6400000,0x00000000d6600000)
 ParOldGen       total 77312K, used 73435K [0x0000000080000000, 0x0000000084b80000, 0x00000000d5580000)
  object space 77312K, 94% used [0x0000000080000000,0x00000000847b6c88,0x0000000084b80000)
 Metaspace       used 60572K, committed 61952K, reserved 1114112K
  class space    used 6263K, committed 6912K, reserved 1048576K
}
Event: 43.960 GC heap after
{Heap after GC invocations=65 (full 3):
 PSYoungGen      total 14848K, used 1792K [0x00000000d5580000, 0x00000000d6600000, 0x0000000100000000)
  eden space 12800K, 0% used [0x00000000d5580000,0x00000000d5580000,0x00000000d6200000)
  from space 2048K, 87% used [0x00000000d6400000,0x00000000d65c0000,0x00000000d6600000)
  to   space 2048K, 0% used [0x00000000d6200000,0x00000000d6200000,0x00000000d6400000)
 ParOldGen       total 77312K, used 75047K [0x0000000080000000, 0x0000000084b80000, 0x00000000d5580000)
  object space 77312K, 97% used [0x0000000080000000,0x0000000084949fe8,0x0000000084b80000)
 Metaspace       used 60572K, committed 61952K, reserved 1114112K
  class space    used 6263K, committed 6912K, reserved 1048576K
}
Event: 44.557 GC heap before
{Heap before GC invocations=66 (full 3):
 PSYoungGen      total 14848K, used 14592K [0x00000000d5580000, 0x00000000d6600000, 0x0000000100000000)
  eden space 12800K, 100% used [0x00000000d5580000,0x00000000d6200000,0x00000000d6200000)
  from space 2048K, 87% used [0x00000000d6400000,0x00000000d65c0000,0x00000000d6600000)
  to   space 2048K, 0% used [0x00000000d6200000,0x00000000d6200000,0x00000000d6400000)
 ParOldGen       total 77312K, used 75047K [0x0000000080000000, 0x0000000084b80000, 0x00000000d5580000)
  object space 77312K, 97% used [0x0000000080000000,0x0000000084949fe8,0x0000000084b80000)
 Metaspace       used 60740K, committed 62208K, reserved 1114112K
  class space    used 6266K, committed 6912K, reserved 1048576K
}
Event: 44.562 GC heap after
{Heap after GC invocations=66 (full 3):
 PSYoungGen      total 14848K, used 2048K [0x00000000d5580000, 0x00000000d6b00000, 0x0000000100000000)
  eden space 12800K, 0% used [0x00000000d5580000,0x00000000d5580000,0x00000000d6200000)
  from space 2048K, 100% used [0x00000000d6200000,0x00000000d6400000,0x00000000d6400000)
  to   space 4608K, 0% used [0x00000000d6680000,0x00000000d6680000,0x00000000d6b00000)
 ParOldGen       total 77312K, used 76837K [0x0000000080000000, 0x0000000084b80000, 0x00000000d5580000)
  object space 77312K, 99% used [0x0000000080000000,0x0000000084b09768,0x0000000084b80000)
 Metaspace       used 60740K, committed 62208K, reserved 1114112K
  class space    used 6266K, committed 6912K, reserved 1048576K
}
Event: 45.168 GC heap before
{Heap before GC invocations=67 (full 3):
 PSYoungGen      total 14848K, used 14848K [0x00000000d5580000, 0x00000000d6b00000, 0x0000000100000000)
  eden space 12800K, 100% used [0x00000000d5580000,0x00000000d6200000,0x00000000d6200000)
  from space 2048K, 100% used [0x00000000d6200000,0x00000000d6400000,0x00000000d6400000)
  to   space 4608K, 0% used [0x00000000d6680000,0x00000000d6680000,0x00000000d6b00000)
 ParOldGen       total 77312K, used 76837K [0x0000000080000000, 0x0000000084b80000, 0x00000000d5580000)
  object space 77312K, 99% used [0x0000000080000000,0x0000000084b09768,0x0000000084b80000)
 Metaspace       used 61001K, committed 62400K, reserved 1114112K
  class space    used 6280K, committed 6912K, reserved 1048576K
}
Event: 45.174 GC heap after
{Heap after GC invocations=67 (full 3):
 PSYoungGen      total 14848K, used 1776K [0x00000000d5580000, 0x00000000d6880000, 0x0000000100000000)
  eden space 12800K, 0% used [0x00000000d5580000,0x00000000d5580000,0x00000000d6200000)
  from space 2048K, 86% used [0x00000000d6680000,0x00000000d683c058,0x00000000d6880000)
  to   space 2560K, 0% used [0x00000000d6380000,0x00000000d6380000,0x00000000d6600000)
 ParOldGen       total 79360K, used 78900K [0x0000000080000000, 0x0000000084d80000, 0x00000000d5580000)
  object space 79360K, 99% used [0x0000000080000000,0x0000000084d0d220,0x0000000084d80000)
 Metaspace       used 61001K, committed 62400K, reserved 1114112K
  class space    used 6280K, committed 6912K, reserved 1048576K
}
Event: 46.071 GC heap before
{Heap before GC invocations=68 (full 3):
 PSYoungGen      total 14848K, used 14576K [0x00000000d5580000, 0x00000000d6880000, 0x0000000100000000)
  eden space 12800K, 100% used [0x00000000d5580000,0x00000000d6200000,0x00000000d6200000)
  from space 2048K, 86% used [0x00000000d6680000,0x00000000d683c058,0x00000000d6880000)
  to   space 2560K, 0% used [0x00000000d6380000,0x00000000d6380000,0x00000000d6600000)
 ParOldGen       total 79360K, used 78900K [0x0000000080000000, 0x0000000084d80000, 0x00000000d5580000)
  object space 79360K, 99% used [0x0000000080000000,0x0000000084d0d220,0x0000000084d80000)
 Metaspace       used 61122K, committed 62528K, reserved 1114112K
  class space    used 6284K, committed 6912K, reserved 1048576K
}
Event: 46.080 GC heap after
{Heap after GC invocations=68 (full 3):
 PSYoungGen      total 15360K, used 2262K [0x00000000d5580000, 0x00000000d6700000, 0x0000000100000000)
  eden space 12800K, 0% used [0x00000000d5580000,0x00000000d5580000,0x00000000d6200000)
  from space 2560K, 88% used [0x00000000d6380000,0x00000000d65b5b00,0x00000000d6600000)
  to   space 1024K, 0% used [0x00000000d6600000,0x00000000d6600000,0x00000000d6700000)
 ParOldGen       total 80896K, used 80520K [0x0000000080000000, 0x0000000084f00000, 0x00000000d5580000)
  object space 80896K, 99% used [0x0000000080000000,0x0000000084ea23e8,0x0000000084f00000)
 Metaspace       used 61122K, committed 62528K, reserved 1114112K
  class space    used 6284K, committed 6912K, reserved 1048576K
}
Event: 46.782 GC heap before
{Heap before GC invocations=69 (full 3):
 PSYoungGen      total 15360K, used 14790K [0x00000000d5580000, 0x00000000d6700000, 0x0000000100000000)
  eden space 12800K, 97% used [0x00000000d5580000,0x00000000d61bc0b0,0x00000000d6200000)
  from space 2560K, 88% used [0x00000000d6380000,0x00000000d65b5b00,0x00000000d6600000)
  to   space 1024K, 0% used [0x00000000d6600000,0x00000000d6600000,0x00000000d6700000)
 ParOldGen       total 80896K, used 80520K [0x0000000080000000, 0x0000000084f00000, 0x00000000d5580000)
  object space 80896K, 99% used [0x0000000080000000,0x0000000084ea23e8,0x0000000084f00000)
 Metaspace       used 61344K, committed 62720K, reserved 1114112K
  class space    used 6291K, committed 6912K, reserved 1048576K
}
Event: 46.790 GC heap after
{Heap after GC invocations=69 (full 3):
 PSYoungGen      total 12800K, used 1017K [0x00000000d5580000, 0x00000000d6c00000, 0x0000000100000000)
  eden space 11776K, 0% used [0x00000000d5580000,0x00000000d5580000,0x00000000d6100000)
  from space 1024K, 99% used [0x00000000d6600000,0x00000000d66fe668,0x00000000d6700000)
  to   space 5120K, 0% used [0x00000000d6100000,0x00000000d6100000,0x00000000d6600000)
 ParOldGen       total 84480K, used 84178K [0x0000000080000000, 0x0000000085280000, 0x00000000d5580000)
  object space 84480K, 99% used [0x0000000080000000,0x0000000085234ab0,0x0000000085280000)
 Metaspace       used 61344K, committed 62720K, reserved 1114112K
  class space    used 6291K, committed 6912K, reserved 1048576K
}
Event: 49.051 GC heap before
{Heap before GC invocations=70 (full 3):
 PSYoungGen      total 12800K, used 12793K [0x00000000d5580000, 0x00000000d6c00000, 0x0000000100000000)
  eden space 11776K, 100% used [0x00000000d5580000,0x00000000d6100000,0x00000000d6100000)
  from space 1024K, 99% used [0x00000000d6600000,0x00000000d66fe668,0x00000000d6700000)
  to   space 5120K, 0% used [0x00000000d6100000,0x00000000d6100000,0x00000000d6600000)
 ParOldGen       total 84480K, used 84178K [0x0000000080000000, 0x0000000085280000, 0x00000000d5580000)
  object space 84480K, 99% used [0x0000000080000000,0x0000000085234ab0,0x0000000085280000)
 Metaspace       used 61438K, committed 62784K, reserved 1114112K
  class space    used 6299K, committed 6912K, reserved 1048576K
}
Event: 49.054 GC heap after
{Heap after GC invocations=70 (full 3):
 PSYoungGen      total 12800K, used 608K [0x00000000d5580000, 0x00000000d6680000, 0x0000000100000000)
  eden space 11776K, 0% used [0x00000000d5580000,0x00000000d5580000,0x00000000d6100000)
  from space 1024K, 59% used [0x00000000d6100000,0x00000000d6198000,0x00000000d6200000)
  to   space 2560K, 0% used [0x00000000d6400000,0x00000000d6400000,0x00000000d6680000)
 ParOldGen       total 84480K, used 84218K [0x0000000080000000, 0x0000000085280000, 0x00000000d5580000)
  object space 84480K, 99% used [0x0000000080000000,0x000000008523eab0,0x0000000085280000)
 Metaspace       used 61438K, committed 62784K, reserved 1114112K
  class space    used 6299K, committed 6912K, reserved 1048576K
}
Event: 49.140 GC heap before
{Heap before GC invocations=71 (full 3):
 PSYoungGen      total 12800K, used 12384K [0x00000000d5580000, 0x00000000d6680000, 0x0000000100000000)
  eden space 11776K, 100% used [0x00000000d5580000,0x00000000d6100000,0x00000000d6100000)
  from space 1024K, 59% used [0x00000000d6100000,0x00000000d6198000,0x00000000d6200000)
  to   space 2560K, 0% used [0x00000000d6400000,0x00000000d6400000,0x00000000d6680000)
 ParOldGen       total 84480K, used 84218K [0x0000000080000000, 0x0000000085280000, 0x00000000d5580000)
  object space 84480K, 99% used [0x0000000080000000,0x000000008523eab0,0x0000000085280000)
 Metaspace       used 61473K, committed 62848K, reserved 1114112K
  class space    used 6303K, committed 6912K, reserved 1048576K
}
Event: 49.143 GC heap after
{Heap after GC invocations=71 (full 3):
 PSYoungGen      total 12288K, used 256K [0x00000000d5580000, 0x00000000d6480000, 0x0000000100000000)
  eden space 11776K, 0% used [0x00000000d5580000,0x00000000d5580000,0x00000000d6100000)
  from space 512K, 50% used [0x00000000d6400000,0x00000000d6440000,0x00000000d6480000)
  to   space 1024K, 0% used [0x00000000d6280000,0x00000000d6280000,0x00000000d6380000)
 ParOldGen       total 84992K, used 84762K [0x0000000080000000, 0x0000000085300000, 0x00000000d5580000)
  object space 84992K, 99% used [0x0000000080000000,0x00000000852c6ab0,0x0000000085300000)
 Metaspace       used 61473K, committed 62848K, reserved 1114112K
  class space    used 6303K, committed 6912K, reserved 1048576K
}
Event: 49.474 GC heap before
{Heap before GC invocations=72 (full 3):
 PSYoungGen      total 12288K, used 12032K [0x00000000d5580000, 0x00000000d6480000, 0x0000000100000000)
  eden space 11776K, 100% used [0x00000000d5580000,0x00000000d6100000,0x00000000d6100000)
  from space 512K, 50% used [0x00000000d6400000,0x00000000d6440000,0x00000000d6480000)
  to   space 1024K, 0% used [0x00000000d6280000,0x00000000d6280000,0x00000000d6380000)
 ParOldGen       total 84992K, used 84762K [0x0000000080000000, 0x0000000085300000, 0x00000000d5580000)
  object space 84992K, 99% used [0x0000000080000000,0x00000000852c6ab0,0x0000000085300000)
 Metaspace       used 62327K, committed 63808K, reserved 1114112K
  class space    used 6397K, committed 7040K, reserved 1048576K
}
Event: 49.478 GC heap after
{Heap after GC invocations=72 (full 3):
 PSYoungGen      total 12800K, used 1024K [0x00000000d5580000, 0x00000000d6500000, 0x0000000100000000)
  eden space 11776K, 0% used [0x00000000d5580000,0x00000000d5580000,0x00000000d6100000)
  from space 1024K, 100% used [0x00000000d6280000,0x00000000d6380000,0x00000000d6380000)
  to   space 1536K, 0% used [0x00000000d6380000,0x00000000d6380000,0x00000000d6500000)
 ParOldGen       total 85504K, used 85358K [0x0000000080000000, 0x0000000085380000, 0x00000000d5580000)
  object space 85504K, 99% used [0x0000000080000000,0x000000008535bac0,0x0000000085380000)
 Metaspace       used 62327K, committed 63808K, reserved 1114112K
  class space    used 6397K, committed 7040K, reserved 1048576K
}

