# JRE version: OpenJDK Runtime Environment Temurin-21.0.10+7 (21.0.10+7) (build 21.0.10+7-LTS)
# Java VM: OpenJDK 64-Bit Server VM Temurin-21.0.10+7 (21.0.10+7-LTS, mixed mode, sharing, tiered, compressed oops, compressed class ptrs, parallel gc, windows-amd64)
GC Precious Log:
 CardTable entry size: 512
 CPUs: 4 total, 4 available
 Memory: 16265M
 Large Page Support: Disabled
 NUMA Support: Disabled
 Compressed Oops: Enabled (32-bit)
 Alignments: Space 512K, Generation 512K, Heap 2M
 Heap Min Capacity: 100M
 Heap Initial Capacity: 100M
 Heap Max Capacity: 2G
 Pre-touch: Disabled
 Parallel Workers: 4
Heap:
 PSYoungGen      total 4096K, used 530K [0x00000000d5580000, 0x00000000d5b00000, 0x0000000100000000)
  eden space 3584K, 11% used [0x00000000d5580000,0x00000000d55e4a28,0x00000000d5900000)
  from space 512K, 25% used [0x00000000d5a00000,0x00000000d5a20000,0x00000000d5a80000)
  to   space 512K, 0% used [0x00000000d5a80000,0x00000000d5a80000,0x00000000d5b00000)
 ParOldGen       total 343040K, used 339240K [0x0000000080000000, 0x0000000094f00000, 0x00000000d5580000)
  object space 343040K, 98% used [0x0000000080000000,0x0000000094b4a238,0x0000000094f00000)
 Metaspace       used 87939K, committed 89984K, reserved 1179648K
  class space    used 8695K, committed 9600K, reserved 1048576K
GC Heap History (20 events):
Event: 75871.985 GC heap before
{Heap before GC invocations=4124 (full 6):
 PSYoungGen      total 4096K, used 3258K [0x00000000d5580000, 0x00000000d5b00000, 0x0000000100000000)
  eden space 3584K, 79% used [0x00000000d5580000,0x00000000d584a7e0,0x00000000d5900000)
  from space 512K, 78% used [0x00000000d5a00000,0x00000000d5a64030,0x00000000d5a80000)
  to   space 512K, 0% used [0x00000000d5a80000,0x00000000d5a80000,0x00000000d5b00000)
 ParOldGen       total 343040K, used 338632K [0x0000000080000000, 0x0000000094f00000, 0x00000000d5580000)
  object space 343040K, 98% used [0x0000000080000000,0x0000000094ab2208,0x0000000094f00000)
 Metaspace       used 87935K, committed 89984K, reserved 1179648K
  class space    used 8695K, committed 9600K, reserved 1048576K
}
Event: 75871.987 GC heap after
{Heap after GC invocations=4124 (full 6):
 PSYoungGen      total 4096K, used 128K [0x00000000d5580000, 0x00000000d5b00000, 0x0000000100000000)
  eden space 3584K, 0% used [0x00000000d5580000,0x00000000d5580000,0x00000000d5900000)
  from space 512K, 25% used [0x00000000d5a80000,0x00000000d5aa0000,0x00000000d5b00000)
  to   space 512K, 0% used [0x00000000d5a00000,0x00000000d5a00000,0x00000000d5a80000)
 ParOldGen       total 343040K, used 338944K [0x0000000080000000, 0x0000000094f00000, 0x00000000d5580000)
  object space 343040K, 98% used [0x0000000080000000,0x0000000094b00238,0x0000000094f00000)
 Metaspace       used 87935K, committed 89984K, reserved 1179648K
  class space    used 8695K, committed 9600K, reserved 1048576K
}
Event: 75873.353 GC heap before
{Heap before GC invocations=4125 (full 6):
 PSYoungGen      total 4096K, used 3712K [0x00000000d5580000, 0x00000000d5b00000, 0x0000000100000000)
  eden space 3584K, 100% used [0x00000000d5580000,0x00000000d5900000,0x00000000d5900000)
  from space 512K, 25% used [0x00000000d5a80000,0x00000000d5aa0000,0x00000000d5b00000)
  to   space 512K, 0% used [0x00000000d5a00000,0x00000000d5a00000,0x00000000d5a80000)
 ParOldGen       total 343040K, used 338944K [0x0000000080000000, 0x0000000094f00000, 0x00000000d5580000)
  object space 343040K, 98% used [0x0000000080000000,0x0000000094b00238,0x0000000094f00000)
 Metaspace       used 87935K, committed 89984K, reserved 1179648K
  class space    used 8695K, committed 9600K, reserved 1048576K
}
Event: 75873.354 GC heap after
{Heap after GC invocations=4125 (full 6):
 PSYoungGen      total 4096K, used 128K [0x00000000d5580000, 0x00000000d5b00000, 0x0000000100000000)
  eden space 3584K, 0% used [0x00000000d5580000,0x00000000d5580000,0x00000000d5900000)
  from space 512K, 25% used [0x00000000d5a00000,0x00000000d5a20000,0x00000000d5a80000)
  to   space 512K, 0% used [0x00000000d5a80000,0x00000000d5a80000,0x00000000d5b00000)
 ParOldGen       total 343040K, used 338976K [0x0000000080000000, 0x0000000094f00000, 0x00000000d5580000)
  object space 343040K, 98% used [0x0000000080000000,0x0000000094b08238,0x0000000094f00000)
 Metaspace       used 87935K, committed 89984K, reserved 1179648K
  class space    used 8695K, committed 9600K, reserved 1048576K
}
Event: 75874.715 GC heap before
{Heap before GC invocations=4126 (full 6):
 PSYoungGen      total 4096K, used 3712K [0x00000000d5580000, 0x00000000d5b00000, 0x0000000100000000)
  eden space 3584K, 100% used [0x00000000d5580000,0x00000000d5900000,0x00000000d5900000)
  from space 512K, 25% used [0x00000000d5a00000,0x00000000d5a20000,0x00000000d5a80000)
  to   space 512K, 0% used [0x00000000d5a80000,0x00000000d5a80000,0x00000000d5b00000)
 ParOldGen       total 343040K, used 338976K [0x0000000080000000, 0x0000000094f00000, 0x00000000d5580000)
  object space 343040K, 98% used [0x0000000080000000,0x0000000094b08238,0x0000000094f00000)
 Metaspace       used 87935K, committed 89984K, reserved 1179648K
  class space    used 8695K, committed 9600K, reserved 1048576K
}
Event: 75874.717 GC heap after
{Heap after GC invocations=4126 (full 6):
 PSYoungGen      total 4096K, used 220K [0x00000000d5580000, 0x00000000d5b00000, 0x0000000100000000)
  eden space 3584K, 0% used [0x00000000d5580000,0x00000000d5580000,0x00000000d5900000)
  from space 512K, 43% used [0x00000000d5a80000,0x00000000d5ab7228,0x00000000d5b00000)
  to   space 512K, 0% used [0x00000000d5a00000,0x00000000d5a00000,0x00000000d5a80000)
 ParOldGen       total 343040K, used 339008K [0x0000000080000000, 0x0000000094f00000, 0x00000000d5580000)
  object space 343040K, 98% used [0x0000000080000000,0x0000000094b10238,0x0000000094f00000)
 Metaspace       used 87935K, committed 89984K, reserved 1179648K
  class space    used 8695K, committed 9600K, reserved 1048576K
}
Event: 75875.702 GC heap before
{Heap before GC invocations=4127 (full 6):
 PSYoungGen      total 4096K, used 3804K [0x00000000d5580000, 0x00000000d5b00000, 0x0000000100000000)
  eden space 3584K, 100% used [0x00000000d5580000,0x00000000d5900000,0x00000000d5900000)
  from space 512K, 43% used [0x00000000d5a80000,0x00000000d5ab7228,0x00000000d5b00000)
  to   space 512K, 0% used [0x00000000d5a00000,0x00000000d5a00000,0x00000000d5a80000)
 ParOldGen       total 343040K, used 339008K [0x0000000080000000, 0x0000000094f00000, 0x00000000d5580000)
  object space 343040K, 98% used [0x0000000080000000,0x0000000094b10238,0x0000000094f00000)
 Metaspace       used 87935K, committed 89984K, reserved 1179648K
  class space    used 8695K, committed 9600K, reserved 1048576K
}
Event: 75875.706 GC heap after
{Heap after GC invocations=4127 (full 6):
 PSYoungGen      total 4096K, used 128K [0x00000000d5580000, 0x00000000d5b00000, 0x0000000100000000)
  eden space 3584K, 0% used [0x00000000d5580000,0x00000000d5580000,0x00000000d5900000)
  from space 512K, 25% used [0x00000000d5a00000,0x00000000d5a20000,0x00000000d5a80000)
  to   space 512K, 0% used [0x00000000d5a80000,0x00000000d5a80000,0x00000000d5b00000)
 ParOldGen       total 343040K, used 339048K [0x0000000080000000, 0x0000000094f00000, 0x00000000d5580000)
  object space 343040K, 98% used [0x0000000080000000,0x0000000094b1a238,0x0000000094f00000)
 Metaspace       used 87935K, committed 89984K, reserved 1179648K
  class space    used 8695K, committed 9600K, reserved 1048576K
}
Event: 75880.061 GC heap before
{Heap before GC invocations=4128 (full 6):
 PSYoungGen      total 4096K, used 3637K [0x00000000d5580000, 0x00000000d5b00000, 0x0000000100000000)
  eden space 3584K, 97% used [0x00000000d5580000,0x00000000d58ed508,0x00000000d5900000)
  from space 512K, 25% used [0x00000000d5a00000,0x00000000d5a20000,0x00000000d5a80000)
  to   space 512K, 0% used [0x00000000d5a80000,0x00000000d5a80000,0x00000000d5b00000)
 ParOldGen       total 343040K, used 339048K [0x0000000080000000, 0x0000000094f00000, 0x00000000d5580000)
  object space 343040K, 98% used [0x0000000080000000,0x0000000094b1a238,0x0000000094f00000)
 Metaspace       used 87936K, committed 89984K, reserved 1179648K
  class space    used 8695K, committed 9600K, reserved 1048576K
}
Event: 75880.063 GC heap after
{Heap after GC invocations=4128 (full 6):
 PSYoungGen      total 4096K, used 96K [0x00000000d5580000, 0x00000000d5b00000, 0x0000000100000000)
  eden space 3584K, 0% used [0x00000000d5580000,0x00000000d5580000,0x00000000d5900000)
  from space 512K, 18% used [0x00000000d5a80000,0x00000000d5a98000,0x00000000d5b00000)
  to   space 512K, 0% used [0x00000000d5a00000,0x00000000d5a00000,0x00000000d5a80000)
 ParOldGen       total 343040K, used 339080K [0x0000000080000000, 0x0000000094f00000, 0x00000000d5580000)
  object space 343040K, 98% used [0x0000000080000000,0x0000000094b22238,0x0000000094f00000)
 Metaspace       used 87936K, committed 89984K, reserved 1179648K
  class space    used 8695K, committed 9600K, reserved 1048576K
}
Event: 75880.390 GC heap before
{Heap before GC invocations=4129 (full 6):
 PSYoungGen      total 4096K, used 3405K [0x00000000d5580000, 0x00000000d5b00000, 0x0000000100000000)
  eden space 3584K, 92% used [0x00000000d5580000,0x00000000d58bb498,0x00000000d5900000)
  from space 512K, 18% used [0x00000000d5a80000,0x00000000d5a98000,0x00000000d5b00000)
  to   space 512K, 0% used [0x00000000d5a00000,0x00000000d5a00000,0x00000000d5a80000)
 ParOldGen       total 343040K, used 339080K [0x0000000080000000, 0x0000000094f00000, 0x00000000d5580000)
  object space 343040K, 98% used [0x0000000080000000,0x0000000094b22238,0x0000000094f00000)
 Metaspace       used 87936K, committed 89984K, reserved 1179648K
  class space    used 8695K, committed 9600K, reserved 1048576K
}
Event: 75880.392 GC heap after
{Heap after GC invocations=4129 (full 6):
 PSYoungGen      total 4096K, used 128K [0x00000000d5580000, 0x00000000d5b00000, 0x0000000100000000)
  eden space 3584K, 0% used [0x00000000d5580000,0x00000000d5580000,0x00000000d5900000)
  from space 512K, 25% used [0x00000000d5a00000,0x00000000d5a20000,0x00000000d5a80000)
  to   space 512K, 0% used [0x00000000d5a80000,0x00000000d5a80000,0x00000000d5b00000)
 ParOldGen       total 343040K, used 339120K [0x0000000080000000, 0x0000000094f00000, 0x00000000d5580000)
  object space 343040K, 98% used [0x0000000080000000,0x0000000094b2c238,0x0000000094f00000)
 Metaspace       used 87936K, committed 89984K, reserved 1179648K
  class space    used 8695K, committed 9600K, reserved 1048576K
}
Event: 75881.240 GC heap before
{Heap before GC invocations=4130 (full 6):
 PSYoungGen      total 4096K, used 3712K [0x00000000d5580000, 0x00000000d5b00000, 0x0000000100000000)
  eden space 3584K, 100% used [0x00000000d5580000,0x00000000d5900000,0x00000000d5900000)
  from space 512K, 25% used [0x00000000d5a00000,0x00000000d5a20000,0x00000000d5a80000)
  to   space 512K, 0% used [0x00000000d5a80000,0x00000000d5a80000,0x00000000d5b00000)
 ParOldGen       total 343040K, used 339120K [0x0000000080000000, 0x0000000094f00000, 0x00000000d5580000)
  object space 343040K, 98% used [0x0000000080000000,0x0000000094b2c238,0x0000000094f00000)
 Metaspace       used 87936K, committed 89984K, reserved 1179648K
  class space    used 8695K, committed 9600K, reserved 1048576K
}
Event: 75881.242 GC heap after
{Heap after GC invocations=4130 (full 6):
 PSYoungGen      total 4096K, used 96K [0x00000000d5580000, 0x00000000d5b00000, 0x0000000100000000)
  eden space 3584K, 0% used [0x00000000d5580000,0x00000000d5580000,0x00000000d5900000)
  from space 512K, 18% used [0x00000000d5a80000,0x00000000d5a98000,0x00000000d5b00000)
  to   space 512K, 0% used [0x00000000d5a00000,0x00000000d5a00000,0x00000000d5a80000)
 ParOldGen       total 343040K, used 339136K [0x0000000080000000, 0x0000000094f00000, 0x00000000d5580000)
  object space 343040K, 98% used [0x0000000080000000,0x0000000094b30238,0x0000000094f00000)
 Metaspace       used 87936K, committed 89984K, reserved 1179648K
  class space    used 8695K, committed 9600K, reserved 1048576K
}
Event: 75885.976 GC heap before
{Heap before GC invocations=4131 (full 6):
 PSYoungGen      total 4096K, used 3658K [0x00000000d5580000, 0x00000000d5b00000, 0x0000000100000000)
  eden space 3584K, 99% used [0x00000000d5580000,0x00000000d58faa68,0x00000000d5900000)
  from space 512K, 18% used [0x00000000d5a80000,0x00000000d5a98000,0x00000000d5b00000)
  to   space 512K, 0% used [0x00000000d5a00000,0x00000000d5a00000,0x00000000d5a80000)
 ParOldGen       total 343040K, used 339136K [0x0000000080000000, 0x0000000094f00000, 0x00000000d5580000)
  object space 343040K, 98% used [0x0000000080000000,0x0000000094b30238,0x0000000094f00000)
 Metaspace       used 87936K, committed 89984K, reserved 1179648K
  class space    used 8695K, committed 9600K, reserved 1048576K
}
Event: 75885.978 GC heap after
{Heap after GC invocations=4131 (full 6):
 PSYoungGen      total 4096K, used 128K [0x00000000d5580000, 0x00000000d5b00000, 0x0000000100000000)
  eden space 3584K, 0% used [0x00000000d5580000,0x00000000d5580000,0x00000000d5900000)
  from space 512K, 25% used [0x00000000d5a00000,0x00000000d5a20000,0x00000000d5a80000)
  to   space 512K, 0% used [0x00000000d5a80000,0x00000000d5a80000,0x00000000d5b00000)
 ParOldGen       total 343040K, used 339160K [0x0000000080000000, 0x0000000094f00000, 0x00000000d5580000)
  object space 343040K, 98% used [0x0000000080000000,0x0000000094b36238,0x0000000094f00000)
 Metaspace       used 87936K, committed 89984K, reserved 1179648K
  class space    used 8695K, committed 9600K, reserved 1048576K
}
Event: 75888.729 GC heap before
{Heap before GC invocations=4132 (full 6):
 PSYoungGen      total 4096K, used 3712K [0x00000000d5580000, 0x00000000d5b00000, 0x0000000100000000)
  eden space 3584K, 100% used [0x00000000d5580000,0x00000000d5900000,0x00000000d5900000)
  from space 512K, 25% used [0x00000000d5a00000,0x00000000d5a20000,0x00000000d5a80000)
  to   space 512K, 0% used [0x00000000d5a80000,0x00000000d5a80000,0x00000000d5b00000)
 ParOldGen       total 343040K, used 339160K [0x0000000080000000, 0x0000000094f00000, 0x00000000d5580000)
  object space 343040K, 98% used [0x0000000080000000,0x0000000094b36238,0x0000000094f00000)
 Metaspace       used 87936K, committed 89984K, reserved 1179648K
  class space    used 8695K, committed 9600K, reserved 1048576K
}
Event: 75888.732 GC heap after
{Heap after GC invocations=4132 (full 6):
 PSYoungGen      total 4096K, used 218K [0x00000000d5580000, 0x00000000d5b00000, 0x0000000100000000)
  eden space 3584K, 0% used [0x00000000d5580000,0x00000000d5580000,0x00000000d5900000)
  from space 512K, 42% used [0x00000000d5a80000,0x00000000d5ab6a20,0x00000000d5b00000)
  to   space 512K, 0% used [0x00000000d5a00000,0x00000000d5a00000,0x00000000d5a80000)
 ParOldGen       total 343040K, used 339200K [0x0000000080000000, 0x0000000094f00000, 0x00000000d5580000)
  object space 343040K, 98% used [0x0000000080000000,0x0000000094b40238,0x0000000094f00000)
 Metaspace       used 87936K, committed 89984K, reserved 1179648K
  class space    used 8695K, committed 9600K, reserved 1048576K
}
Event: 76057.762 GC heap before
{Heap before GC invocations=4133 (full 6):
 PSYoungGen      total 4096K, used 3802K [0x00000000d5580000, 0x00000000d5b00000, 0x0000000100000000)
  eden space 3584K, 100% used [0x00000000d5580000,0x00000000d5900000,0x00000000d5900000)
  from space 512K, 42% used [0x00000000d5a80000,0x00000000d5ab6a20,0x00000000d5b00000)
  to   space 512K, 0% used [0x00000000d5a00000,0x00000000d5a00000,0x00000000d5a80000)
 ParOldGen       total 343040K, used 339200K [0x0000000080000000, 0x0000000094f00000, 0x00000000d5580000)
  object space 343040K, 98% used [0x0000000080000000,0x0000000094b40238,0x0000000094f00000)
 Metaspace       used 87939K, committed 89984K, reserved 1179648K
  class space    used 8695K, committed 9600K, reserved 1048576K
}
Event: 76057.771 GC heap after
{Heap after GC invocations=4133 (full 6):
 PSYoungGen      total 4096K, used 128K [0x00000000d5580000, 0x00000000d5b00000, 0x0000000100000000)
  eden space 3584K, 0% used [0x00000000d5580000,0x00000000d5580000,0x00000000d5900000)
  from space 512K, 25% used [0x00000000d5a00000,0x00000000d5a20000,0x00000000d5a80000)
  to   space 512K, 0% used [0x00000000d5a80000,0x00000000d5a80000,0x00000000d5b00000)
 ParOldGen       total 343040K, used 339240K [0x0000000080000000, 0x0000000094f00000, 0x00000000d5580000)
  object space 343040K, 98% used [0x0000000080000000,0x0000000094b4a238,0x0000000094f00000)
 Metaspace       used 87939K, committed 89984K, reserved 1179648K
  class space    used 8695K, committed 9600K, reserved 1048576K
}

